\BOOKMARK [0][-]{chapter.1}{Introducci\363n}{}% 1
\BOOKMARK [1][-]{section.1.1}{Contexto}{chapter.1}% 2
\BOOKMARK [2][-]{subsection.1.1.1}{El centro}{section.1.1}% 3
\BOOKMARK [2][-]{subsection.1.1.2}{Actividades}{section.1.1}% 4
\BOOKMARK [2][-]{subsection.1.1.3}{Normatividad}{section.1.1}% 5
\BOOKMARK [1][-]{section.1.2}{Problem\341tica}{chapter.1}% 6
\BOOKMARK [1][-]{section.1.3}{Propuesta}{chapter.1}% 7
\BOOKMARK [2][-]{subsection.1.3.1}{Descripci\363n de M\363dulos}{section.1.3}% 8
\BOOKMARK [2][-]{subsection.1.3.2}{Descripci\363n de roles de usuarios}{section.1.3}% 9
\BOOKMARK [2][-]{subsection.1.3.3}{Objetivo}{section.1.3}% 10
\BOOKMARK [2][-]{subsection.1.3.4}{Justificaci\363n}{section.1.3}% 11
\BOOKMARK [2][-]{subsection.1.3.5}{Alcance}{section.1.3}% 12
\BOOKMARK [0][-]{chapter.2}{An\341lisis}{}% 13
\BOOKMARK [0][-]{chapter.3}{Dise\361o}{}% 14
\BOOKMARK [0][-]{chapter.4}{Modelo de Negocios}{}% 15
\BOOKMARK [1][-]{section.4.1}{Glosario de Terminos}{chapter.4}% 16
\BOOKMARK [1][-]{section.4.2}{Pol\355ticas de Operaci\363n Aplicables}{chapter.4}% 17
\BOOKMARK [1][-]{section.4.3}{Reglas de Negocio}{chapter.4}% 18
\BOOKMARK [1][-]{section.4.4}{Diagramas de Estado}{chapter.4}% 19
\BOOKMARK [2][-]{subsection.4.4.1}{Registro y atenci\363n de documentos entrantes}{section.4.4}% 20
\BOOKMARK [2][-]{subsection.4.4.2}{Registro de documentos salientes}{section.4.4}% 21
\BOOKMARK [0][-]{chapter.5}{Modelo de Informaci\363n}{}% 22
\BOOKMARK [1][-]{section.5.1}{Diccionario de Datos}{chapter.5}% 23
